Using pre-set license
Built from '2020.3/staging' branch; Version is '2020.3.10f1 (297d780c91bc) revision 2719096'; Using compiler version '192528614'; Build Type 'Release'
OS: 'Windows 10 Home Single Language; OS build 19042.1052; Version 2009; 64bit' Language: 'en' Physical Memory: 6093 MB
BatchMode: 1, IsHumanControllingUs: 0, StartBugReporterOnCrash: 0, Is64bit: 1, IsPro: 0

 COMMAND LINE ARGUMENTS:
C:\Program Files\Unity\Editor\Unity.exe
-adb2
-batchMode
-noUpm
-name
AssetImportWorker0
-projectPath
C:/Users/ASUS/Downloads/Flap the bird UNITY/Flap the Bird
-logFile
Logs/AssetImportWorker0.log
-srvPort
58832
Successfully changed project path to: C:/Users/ASUS/Downloads/Flap the bird UNITY/Flap the Bird
C:/Users/ASUS/Downloads/Flap the bird UNITY/Flap the Bird
Using Asset Import Pipeline V2.
Refreshing native plugins compatible for Editor in 39.55 ms, found 2 plugins.
Preloading 0 native plugins for Editor in 0.00 ms.
Initialize engine version: 2020.3.10f1 (297d780c91bc)
[Subsystems] Discovering subsystems at path C:/Program Files/Unity/Editor/Data/Resources/UnitySubsystems
[Subsystems] Discovering subsystems at path C:/Users/ASUS/Downloads/Flap the bird UNITY/Flap the Bird/Assets
GfxDevice: creating device client; threaded=0
Direct3D:
    Version:  Direct3D 11.0 [level 11.1]
    Renderer: AMD Radeon(TM) Graphics (ID=0x15d8)
    Vendor:   
    VRAM:     3046 MB
    Driver:   27.20.11044.5003
Initialize mono
Mono path[0] = 'C:/Program Files/Unity/Editor/Data/Managed'
Mono path[1] = 'C:/Program Files/Unity/Editor/Data/MonoBleedingEdge/lib/mono/unityjit'
Mono config path = 'C:/Program Files/Unity/Editor/Data/MonoBleedingEdge/etc'
Using monoOptions --debugger-agent=transport=dt_socket,embedding=1,server=y,suspend=n,address=127.0.0.1:56948
Begin MonoManager ReloadAssembly
Registering precompiled unity dll's ...
Register platform support module: C:/Program Files/Unity/Editor/Data/PlaybackEngines/WindowsStandaloneSupport/UnityEditor.WindowsStandalone.Extensions.dll
Registered in 0.002721 seconds.
Native extension for WindowsStandalone target not found
Refreshing native plugins compatible for Editor in 37.29 ms, found 2 plugins.
Preloading 0 native plugins for Editor in 0.00 ms.
Mono: successfully reloaded assembly
- Completed reload, in  1.528 seconds
Platform modules already initialized, skipping
Registering precompiled user dll's ...
Registered in 0.007169 seconds.
Begin MonoManager ReloadAssembly
Native extension for WindowsStandalone target not found
Refreshing native plugins compatible for Editor in 0.41 ms, found 2 plugins.
Preloading 0 native plugins for Editor in 0.00 ms.
Mono: successfully reloaded assembly
- Completed reload, in  1.415 seconds
Platform modules already initialized, skipping
========================================================================
Worker process is ready to serve import requests
Launched and connected shader compiler UnityShaderCompiler.exe after 0.06 seconds
Refreshing native plugins compatible for Editor in 0.39 ms, found 2 plugins.
Preloading 0 native plugins for Editor in 0.00 ms.
Unloading 1398 Unused Serialized files (Serialized files now loaded: 0)
System memory in use before: 65.0 MB.
System memory in use after: 65.1 MB.

Unloading 18 unused Assets to reduce memory usage. Loaded Objects now: 1831.
Total: 2.595400 ms (FindLiveObjects: 0.275100 ms CreateObjectMapping: 0.169400 ms MarkObjects: 2.032300 ms  DeleteObjects: 0.116400 ms)

========================================================================
Received Import Request.
  path: Assets/Prefabs/BlueBird.prefab
  artifactKey: Guid(8c0aea53bad76be4bb65da07e3b3de26) Importer(815301076,1909f56bfc062723c751e8b465ee728b)
Start importing Assets/Prefabs/BlueBird.prefab using Guid(8c0aea53bad76be4bb65da07e3b3de26) Importer(815301076,1909f56bfc062723c751e8b465ee728b)  -> (artifact id: 'ff53ba7cffac146b17505045348761ab') in 0.174522 seconds
  Import took 0.179162 seconds .

========================================================================
Received Import Request.
  Time since last request: 0.000361 seconds.
  path: Assets/Prefabs/BirdFlock.prefab
  artifactKey: Guid(1d1f23963758bae46adbf2e06fd20e67) Importer(815301076,1909f56bfc062723c751e8b465ee728b)
Start importing Assets/Prefabs/BirdFlock.prefab using Guid(1d1f23963758bae46adbf2e06fd20e67) Importer(815301076,1909f56bfc062723c751e8b465ee728b)  -> (artifact id: 'ca09736b577df2854046104cb5a4a97c') in 0.044628 seconds
  Import took 0.048764 seconds .

========================================================================
Received Import Request.
  Time since last request: 0.000425 seconds.
  path: Assets/Prefabs/ForeGround.prefab
  artifactKey: Guid(97d8189fe243e9f4c9312fab2eb854fc) Importer(815301076,1909f56bfc062723c751e8b465ee728b)
Start importing Assets/Prefabs/ForeGround.prefab using Guid(97d8189fe243e9f4c9312fab2eb854fc) Importer(815301076,1909f56bfc062723c751e8b465ee728b)  -> (artifact id: '0b0a4a7fbfa8f4550a91904821eba1b1') in 0.034713 seconds
  Import took 0.039554 seconds .

========================================================================
Received Import Request.
  Time since last request: 0.000218 seconds.
  path: Assets/Prefabs/CoinGroup.prefab
  artifactKey: Guid(72b05ebe9adde5643a1ef0eaa5f41510) Importer(815301076,1909f56bfc062723c751e8b465ee728b)
Start importing Assets/Prefabs/CoinGroup.prefab using Guid(72b05ebe9adde5643a1ef0eaa5f41510) Importer(815301076,1909f56bfc062723c751e8b465ee728b)  -> (artifact id: '672fb7bc1e9887bab46c28288df86480') in 0.044685 seconds
  Import took 0.049009 seconds .

========================================================================
Received Import Request.
  Time since last request: 0.000245 seconds.
  path: Assets/Prefabs/BirdDied.prefab
  artifactKey: Guid(69d8dc58e3b87684a9a9cc62237543e9) Importer(815301076,1909f56bfc062723c751e8b465ee728b)
Start importing Assets/Prefabs/BirdDied.prefab using Guid(69d8dc58e3b87684a9a9cc62237543e9) Importer(815301076,1909f56bfc062723c751e8b465ee728b)  -> (artifact id: '96a386805506883ed334cee886523a51') in 0.045494 seconds
  Import took 0.049514 seconds .

========================================================================
Received Import Request.
  Time since last request: 0.000229 seconds.
  path: Assets/Prefabs/Player.prefab
  artifactKey: Guid(afbc2bd45e5131d4cac395fb43a4da07) Importer(815301076,1909f56bfc062723c751e8b465ee728b)
Start importing Assets/Prefabs/Player.prefab using Guid(afbc2bd45e5131d4cac395fb43a4da07) Importer(815301076,1909f56bfc062723c751e8b465ee728b)  -> (artifact id: 'fdf0b072d1f2067b896b1058014c0e99') in 0.035463 seconds
  Import took 0.039567 seconds .

========================================================================
Received Import Request.
  Time since last request: 0.000235 seconds.
  path: Assets/Prefabs/Heart_Life.prefab
  artifactKey: Guid(05019ff965c1aae47b2af16e4a2d31cb) Importer(815301076,1909f56bfc062723c751e8b465ee728b)
Start importing Assets/Prefabs/Heart_Life.prefab using Guid(05019ff965c1aae47b2af16e4a2d31cb) Importer(815301076,1909f56bfc062723c751e8b465ee728b)  -> (artifact id: '2dfe364c88e903a8e6ed1a9d357d625a') in 0.035746 seconds
  Import took 0.039625 seconds .

========================================================================
Received Import Request.
  Time since last request: 0.000243 seconds.
  path: Assets/Prefabs/Coin.prefab
  artifactKey: Guid(cccc54c9e7a6a0e41b27c8789dcdb860) Importer(815301076,1909f56bfc062723c751e8b465ee728b)
Start importing Assets/Prefabs/Coin.prefab using Guid(cccc54c9e7a6a0e41b27c8789dcdb860) Importer(815301076,1909f56bfc062723c751e8b465ee728b)  -> (artifact id: 'e0580b49386f3a4740e8225a7fba6baf') in 0.027162 seconds
  Import took 0.031378 seconds .

========================================================================
Received Prepare
Registering precompiled user dll's ...
Registered in 0.006602 seconds.
Begin MonoManager ReloadAssembly
Native extension for WindowsStandalone target not found
Refreshing native plugins compatible for Editor in 0.78 ms, found 2 plugins.
Preloading 0 native plugins for Editor in 0.00 ms.
Mono: successfully reloaded assembly
- Completed reload, in  1.424 seconds
Platform modules already initialized, skipping
Switching build target platform(19) subTarget(0) extendedPlatform(0) -> platform(13) subTarget(589824) extendedPlatform(0)
Refreshing native plugins compatible for Editor in 1.12 ms, found 2 plugins.
Preloading 0 native plugins for Editor in 0.00 ms.
Unloading 1395 Unused Serialized files (Serialized files now loaded: 0)
System memory in use before: 67.9 MB.
System memory in use after: 68.0 MB.

Unloading 13 unused Assets to reduce memory usage. Loaded Objects now: 1841.
Total: 5.751200 ms (FindLiveObjects: 0.470200 ms CreateObjectMapping: 0.109200 ms MarkObjects: 5.124600 ms  DeleteObjects: 0.043500 ms)

AssetImportParameters requested are different than current active one (requested -> active):
  custom:graphics/normal-map-encoding: 01000000000000000000000000000000 -> 02000000000000000000000000000000
AssetImportWorkerClient::OnTransportError - code=2 error=End of file
